2013-01-18 11:28:37,223 - staging.forms - DEBUG - clean_mission_name: cleaning name r20090726_074343_scott_05_long_transect_auv2
2013-01-18 11:28:37,226 - staging.forms - DEBUG - AUVImportForm.clean_mission_name: valid name.
2013-01-18 11:28:37,227 - staging.views - DEBUG - auvimport: determining remote files to fetch.
2013-01-18 11:28:37,229 - staging.views - DEBUG - auvimport: fetching remote track file.
2013-01-18 11:28:42,282 - staging.views - DEBUG - auvimport: fetching remote netcdf file.
2013-01-18 11:28:43,575 - staging.views - DEBUG - auvimport: processing remote files to create json string.
2013-01-18 11:28:46,177 - staging.views - DEBUG - auvimport: importing json string into database.
2013-01-18 11:28:46,740 - staging.views - DEBUG - auvimport: failed to import auv mission: (IntegrityError): null value in column "transect_line" violates not-null constraint

2013-01-18 12:35:51,167 - staging.forms - DEBUG - clean_mission_name: cleaning name r20090726_074343_scott_05_long_transect_auv2
2013-01-18 12:35:51,169 - staging.forms - DEBUG - AUVImportForm.clean_mission_name: valid name.
2013-01-18 12:35:51,170 - staging.views - DEBUG - auvimport: determining remote files to fetch.
2013-01-18 12:35:51,172 - staging.views - DEBUG - auvimport: fetching remote track file.
2013-01-18 12:35:55,040 - staging.views - DEBUG - auvimport: fetching remote netcdf file.
2013-01-18 12:35:58,006 - staging.views - DEBUG - auvimport: processing remote files to create json string.
2013-01-18 12:36:00,723 - staging.views - DEBUG - auvimport: importing json string into database.
2013-01-18 12:38:32,999 - staging.views - DEBUG - auvimport: import successful, redirecting to auvimported.
2013-01-18 15:49:38,365 - staging.forms - DEBUG - clean_mission_name: cleaning name r20090726_074343_scott_05_long_transect_auv2
2013-01-18 15:49:38,366 - staging.forms - DEBUG - AUVImportForm.clean_mission_name: valid name.
2013-01-18 15:49:38,367 - staging.views - DEBUG - auvimport: determining remote files to fetch.
2013-01-18 15:49:38,368 - staging.views - DEBUG - auvimport: fetching remote track file.
2013-01-18 15:49:38,714 - staging.views - DEBUG - auvimport: failed to import auv mission: (Exception): File could not be downloaded.
2013-01-18 15:49:51,986 - staging.forms - DEBUG - clean_mission_name: cleaning name r20090726_074343_scott_05_long_transect_auv2
2013-01-18 15:49:51,988 - staging.forms - DEBUG - AUVImportForm.clean_mission_name: valid name.
2013-01-18 15:49:51,988 - staging.views - DEBUG - auvimport: determining remote files to fetch.
2013-01-18 15:49:51,988 - staging.views - DEBUG - auvimport: fetching remote track file.
2013-01-18 15:49:55,339 - staging.views - DEBUG - auvimport: fetching remote netcdf file.
2013-01-18 15:49:56,663 - staging.views - DEBUG - auvimport: processing remote files to create json string.
2013-01-18 15:49:58,078 - staging.views - DEBUG - auvimport: importing json string into database.
2013-01-18 15:51:36,265 - staging.views - DEBUG - auvimport: import successful, redirecting to auvimported.
2013-01-22 14:49:41,031 - staging.forms - DEBUG - clean_mission_name: cleaning name r20110612_033752_st_helens_01_elephant_rock_deep_repeat
2013-01-22 14:49:41,035 - staging.forms - DEBUG - AUVImportForm.clean_mission_name: valid name.
2013-01-22 14:49:41,036 - staging.views - DEBUG - auvimport: determining remote files to fetch.
2013-01-22 14:49:41,039 - staging.views - DEBUG - auvimport: fetching remote track file.
2013-01-22 14:49:42,614 - staging.views - DEBUG - auvimport: fetching remote netcdf file.
2013-01-22 14:49:44,306 - staging.views - DEBUG - auvimport: processing remote files to create json string.
2013-01-22 14:49:44,535 - staging.views - DEBUG - auvimport: importing json string into database.
2013-01-22 14:50:15,904 - staging.views - DEBUG - auvimport: import successful, redirecting to auvimported.
2013-01-23 11:19:26,619 - staging.forms - DEBUG - clean_mission_name: cleaning name r20110612_045149_st_helens_03_elephant_rock_shallow_repeat
2013-01-23 11:19:26,621 - staging.forms - DEBUG - AUVImportForm.clean_mission_name: valid name.
2013-01-23 11:19:26,621 - staging.views - DEBUG - auvimport: determining remote files to fetch.
2013-01-23 11:19:26,625 - staging.views - DEBUG - auvimport: fetching remote track file.
2013-01-23 11:19:28,556 - staging.views - DEBUG - auvimport: fetching remote netcdf file.
2013-01-23 11:19:29,964 - staging.views - DEBUG - auvimport: processing remote files to create json string.
2013-01-23 11:19:30,382 - staging.views - DEBUG - auvimport: failed to import auv mission: (IndexError): index out of bounds
2013-01-23 11:20:19,146 - staging.forms - DEBUG - clean_mission_name: cleaning name r20110612_042915_st_helens_02_elephant_rock_transit
2013-01-23 11:20:19,148 - staging.forms - DEBUG - AUVImportForm.clean_mission_name: valid name.
2013-01-23 11:20:19,149 - staging.views - DEBUG - auvimport: determining remote files to fetch.
2013-01-23 11:20:19,149 - staging.views - DEBUG - auvimport: fetching remote track file.
2013-01-23 11:20:19,943 - staging.views - DEBUG - auvimport: fetching remote netcdf file.
2013-01-23 11:20:20,854 - staging.views - DEBUG - auvimport: processing remote files to create json string.
2013-01-23 11:20:20,907 - staging.views - DEBUG - auvimport: importing json string into database.
2013-01-23 11:20:26,036 - staging.views - DEBUG - auvimport: import successful, redirecting to auvimported.
2013-01-29 12:04:36,090 - staging.forms - DEBUG - clean_mission_name: cleaning name r20120827_221656_si_03_PatchDense
2013-01-29 12:04:36,092 - staging.forms - DEBUG - AUVImportForm.clean_mission_name: valid name.
2013-01-29 12:04:36,093 - staging.views - DEBUG - auvimport: determining remote files to fetch.
2013-01-29 12:04:36,094 - staging.views - DEBUG - auvimport: fetching remote track file.
2013-01-29 12:04:36,241 - staging.views - DEBUG - auvimport: failed to import auv mission: (KeyError): 'content-length'
2013-01-29 12:04:51,390 - staging.forms - DEBUG - clean_mission_name: cleaning name r20120827_221656_si_03_PatchDense
2013-01-29 12:04:51,392 - staging.forms - DEBUG - AUVImportForm.clean_mission_name: valid name.
2013-01-29 12:04:51,392 - staging.views - DEBUG - auvimport: determining remote files to fetch.
2013-01-29 12:04:51,392 - staging.views - DEBUG - auvimport: fetching remote track file.
2013-01-29 12:04:51,397 - staging.views - DEBUG - auvimport: failed to import auv mission: (BadStatusLine): ''
2013-01-29 12:05:01,736 - staging.forms - DEBUG - clean_mission_name: cleaning name PatchDense
2013-01-29 12:05:01,736 - staging.forms - DEBUG - AUVImportForm.clean_mission_name: name doesn't match pattern.
2013-01-29 12:05:37,901 - staging.forms - DEBUG - clean_mission_name: cleaning name SolitaryIs201208/r20120827_221656_si_03_PatchDense
2013-01-29 12:05:37,903 - staging.forms - DEBUG - AUVImportForm.clean_mission_name: valid name.
2013-01-29 12:05:37,903 - staging.views - DEBUG - auvimport: determining remote files to fetch.
2013-01-29 12:05:37,903 - staging.views - DEBUG - auvimport: failed to import auv mission: (ValueError): time data 'SolitaryIs201208/r20120827_221656' does not match format '%Y%m%d_%H%M%S'
2013-01-29 12:07:36,338 - staging.forms - DEBUG - clean_mission_name: cleaning name r20120827_221656_si_03_PatchDense
2013-01-29 12:07:36,339 - staging.forms - DEBUG - AUVImportForm.clean_mission_name: valid name.
2013-01-29 12:07:36,340 - staging.views - DEBUG - auvimport: determining remote files to fetch.
2013-01-29 12:07:36,340 - staging.views - DEBUG - auvimport: fetching remote track file.
2013-01-29 12:07:43,983 - staging.views - DEBUG - auvimport: fetching remote netcdf file.
2013-01-29 12:07:45,352 - staging.views - DEBUG - auvimport: processing remote files to create json string.
2013-01-29 12:07:46,505 - staging.views - DEBUG - auvimport: failed to import auv mission: (IndexError): index out of bounds
2013-01-29 12:23:48,593 - staging.forms - DEBUG - clean_mission_name: cleaning name r20120903_213744_si_09_fortyAcresDense
2013-01-29 12:23:48,594 - staging.forms - DEBUG - AUVImportForm.clean_mission_name: valid name.
2013-01-29 12:23:48,595 - staging.views - DEBUG - auvimport: determining remote files to fetch.
2013-01-29 12:23:48,595 - staging.views - DEBUG - auvimport: fetching remote track file.
2013-01-29 12:23:56,585 - staging.views - DEBUG - auvimport: fetching remote netcdf file.
2013-01-29 12:24:02,654 - staging.views - DEBUG - auvimport: processing remote files to create json string.
2013-01-29 12:24:04,771 - staging.views - DEBUG - auvimport: importing json string into database.
2013-01-29 12:25:58,890 - staging.views - DEBUG - auvimport: import successful, redirecting to auvimported.
2013-01-29 13:03:30,497 - staging.forms - DEBUG - clean_mission_name: cleaning name r20120904_034537_si_10_southSolitaryDense2
2013-01-29 13:03:30,498 - staging.forms - DEBUG - AUVImportForm.clean_mission_name: valid name.
2013-01-29 13:03:30,498 - staging.views - DEBUG - auvimport: determining remote files to fetch.
2013-01-29 13:03:30,500 - staging.views - DEBUG - auvimport: fetching remote track file.
2013-01-29 13:03:36,524 - staging.views - DEBUG - auvimport: fetching remote netcdf file.
2013-01-29 13:03:37,325 - staging.views - DEBUG - auvimport: processing remote files to create json string.
2013-01-29 13:03:37,609 - staging.views - DEBUG - auvimport: importing json string into database.
2013-01-29 13:03:57,336 - staging.views - DEBUG - auvimport: import successful, redirecting to auvimported.
2013-02-01 13:07:53,232 - staging.forms - DEBUG - clean_mission_name: cleaning name r20110612_033752_st_helens_01_elephant_rock_deep_repeat
2013-02-01 13:07:53,271 - staging.forms - DEBUG - AUVImportForm.clean_mission_name: valid name.
2013-02-01 13:07:53,272 - staging.views - DEBUG - auvimport: determining remote files to fetch.
2013-02-01 13:07:53,275 - staging.views - DEBUG - auvimport: fetching remote track file.
2013-02-01 13:07:53,678 - staging.views - DEBUG - auvimport: fetching remote netcdf file.
2013-02-01 13:07:53,774 - staging.views - DEBUG - auvimport: processing remote files to create json string.
2013-02-01 13:07:54,245 - staging.views - DEBUG - auvimport: importing json string into database.
2013-02-01 13:08:22,300 - staging.views - DEBUG - auvimport: import successful, redirecting to auvimported.
2013-02-02 15:07:15,562 - staging.forms - DEBUG - clean_mission_name: cleaning name r20110619_012805_butlers_point_east_west_long_25
2013-02-02 15:07:15,577 - staging.forms - DEBUG - AUVImportForm.clean_mission_name: valid name.
2013-02-02 15:07:15,588 - staging.views - DEBUG - auvimport: determining remote files to fetch.
2013-02-02 15:07:15,589 - staging.views - DEBUG - auvimport: fetching remote track file.
2013-02-02 15:07:20,989 - staging.views - DEBUG - auvimport: fetching remote netcdf file.
2013-02-02 15:07:29,859 - staging.views - DEBUG - auvimport: processing remote files to create json string.
2013-02-02 15:07:32,010 - staging.views - DEBUG - auvimport: importing json string into database.
2013-02-02 15:09:19,796 - staging.views - DEBUG - auvimport: import successful, redirecting to auvimported.
2013-02-05 13:42:51,649 - staging.forms - DEBUG - clean_mission_name: cleaning name r20090804_084719_scott_25_dense_repeat_auv5_deep
2013-02-05 13:42:51,682 - staging.forms - DEBUG - AUVImportForm.clean_mission_name: valid name.
2013-02-05 13:42:51,683 - staging.views - DEBUG - auvimport: determining remote files to fetch.
2013-02-05 13:42:51,686 - staging.views - DEBUG - auvimport: fetching remote track file.
2013-02-05 13:42:55,940 - staging.views - DEBUG - auvimport: fetching remote netcdf file.
2013-02-05 13:43:00,668 - staging.views - DEBUG - auvimport: processing remote files to create json string.
2013-02-05 13:43:02,099 - staging.views - DEBUG - auvimport: importing json string into database.
2013-02-05 13:43:02,381 - staging.views - DEBUG - auvimport: failed to import auv mission: (DeserializationError): Image has no field named 'temperature'
2013-02-05 14:46:46,733 - staging.forms - DEBUG - clean_mission_name: cleaning name r20090804_084719_scott_25_dense_repeat_auv5_deep
2013-02-05 14:46:46,735 - staging.forms - DEBUG - AUVImportForm.clean_mission_name: valid name.
2013-02-05 14:46:46,735 - staging.views - DEBUG - auvimport: determining remote files to fetch.
2013-02-05 14:46:46,739 - staging.views - DEBUG - auvimport: fetching remote track file.
2013-02-05 14:46:50,312 - staging.views - DEBUG - auvimport: fetching remote netcdf file.
2013-02-05 14:46:51,913 - staging.views - DEBUG - auvimport: processing remote files and importing to database.
2013-02-05 14:47:02,815 - staging.views - DEBUG - auvimport: import successful, redirecting to auvimported.
2013-02-05 14:48:17,968 - staging.forms - DEBUG - clean_mission_name: cleaning name r20090730_084520_scott_14_dense_survey_auv6_shallow
2013-02-05 14:48:17,970 - staging.forms - DEBUG - AUVImportForm.clean_mission_name: valid name.
2013-02-05 14:48:17,970 - staging.views - DEBUG - auvimport: determining remote files to fetch.
2013-02-05 14:48:17,971 - staging.views - DEBUG - auvimport: fetching remote track file.
2013-02-05 14:48:20,890 - staging.views - DEBUG - auvimport: fetching remote netcdf file.
2013-02-05 14:48:22,137 - staging.views - DEBUG - auvimport: processing remote files and importing to database.
2013-02-05 14:48:30,620 - staging.views - DEBUG - auvimport: import successful, redirecting to auvimported.
2013-02-05 14:49:50,664 - staging.forms - DEBUG - clean_mission_name: cleaning name r20120902_220852_si_06_patch_dense2
2013-02-05 14:49:50,666 - staging.forms - DEBUG - AUVImportForm.clean_mission_name: valid name.
2013-02-05 14:49:50,667 - staging.views - DEBUG - auvimport: determining remote files to fetch.
2013-02-05 14:49:50,667 - staging.views - DEBUG - auvimport: fetching remote track file.
2013-02-05 14:49:54,259 - staging.views - DEBUG - auvimport: fetching remote netcdf file.
2013-02-05 14:49:56,837 - staging.views - DEBUG - auvimport: processing remote files and importing to database.
2013-02-05 14:50:06,202 - staging.views - DEBUG - auvimport: import successful, redirecting to auvimported.
2013-02-05 14:50:20,289 - staging.forms - DEBUG - clean_mission_name: cleaning name r20120903_213744_si_09_fortyAcresDense
2013-02-05 14:50:20,291 - staging.forms - DEBUG - AUVImportForm.clean_mission_name: valid name.
2013-02-05 14:50:20,291 - staging.views - DEBUG - auvimport: determining remote files to fetch.
2013-02-05 14:50:20,292 - staging.views - DEBUG - auvimport: fetching remote track file.
2013-02-05 14:50:20,634 - staging.views - DEBUG - auvimport: failed to import auv mission: (Exception): File could not be downloaded.
2013-02-05 14:50:30,007 - staging.forms - DEBUG - clean_mission_name: cleaning name r20120903_213744_si_09_fortyAcresDense
2013-02-05 14:50:30,009 - staging.forms - DEBUG - AUVImportForm.clean_mission_name: valid name.
2013-02-05 14:50:30,009 - staging.views - DEBUG - auvimport: determining remote files to fetch.
2013-02-05 14:50:30,010 - staging.views - DEBUG - auvimport: fetching remote track file.
2013-02-05 14:50:36,351 - staging.views - DEBUG - auvimport: fetching remote netcdf file.
2013-02-05 14:50:38,777 - staging.views - DEBUG - auvimport: processing remote files and importing to database.
2013-02-05 14:50:59,298 - staging.views - DEBUG - auvimport: import successful, redirecting to auvimported.
